[2020-11-07T14:07:08.051] [DEBUG] cheese - login => username:test,password:test
[2020-11-07T14:07:08.053] [DEBUG] cheese - test
[2020-11-07T14:09:29.221] [DEBUG] cheese - login => username:test,password:test
[2020-11-07T14:09:29.221] [DEBUG] cheese - test
[2020-11-07T14:09:29.227] [DEBUG] cheese - login => username:test,password:test
[2020-11-07T14:09:29.227] [DEBUG] cheese - test
[2020-11-07T14:09:29.233] [DEBUG] cheese - null
[2020-11-07T14:09:29.234] [DEBUG] cheese - null
[2020-11-07T14:09:29.239] [DEBUG] cheese - null
[2020-11-07T14:09:29.239] [DEBUG] cheese - null
[2020-11-07T14:09:29.242] [DEBUG] cheese - null
[2020-11-07T14:09:29.242] [DEBUG] cheese - null
[2020-11-07T14:09:51.036] [DEBUG] cheese - login => username:admin,password:admin
[2020-11-07T14:09:51.037] [DEBUG] cheese - admin
[2020-11-07T14:09:51.041] [DEBUG] cheese - null
[2020-11-07T14:09:51.041] [DEBUG] cheese - null
[2020-11-07T14:09:56.834] [DEBUG] cheese - login => username:admin,password:123456
[2020-11-07T14:09:56.834] [DEBUG] cheese - admin
[2020-11-07T14:09:56.836] [DEBUG] cheese - null
[2020-11-07T14:09:56.836] [DEBUG] cheese - null
[2020-11-07T14:23:07.223] [DEBUG] cheese - login => username:admin,password:123456
[2020-11-07T14:23:07.223] [DEBUG] cheese - admin
[2020-11-07T14:23:07.225] [DEBUG] cheese - null
[2020-11-07T14:23:07.225] [DEBUG] cheese - null
[2020-11-17T10:28:45.334] [DEBUG] cheese - login => username:zsf,password:1fffff
[2020-11-17T10:28:45.336] [DEBUG] cheese - zsf
[2020-11-17T10:28:45.371] [DEBUG] cheese - null
[2020-11-17T10:28:45.371] [DEBUG] cheese - null
[2020-11-17T10:49:09.590] [DEBUG] cheese - login => username:ewr,password:34343434
[2020-11-17T10:49:09.590] [DEBUG] cheese - ewr
[2020-11-17T10:49:09.594] [DEBUG] cheese - null
[2020-11-17T10:49:09.595] [DEBUG] cheese - null
[2020-11-17T10:54:25.036] [DEBUG] cheese - login => username:admin,password:123456
[2020-11-17T10:54:25.036] [DEBUG] cheese - admin
[2020-11-17T10:54:25.041] [DEBUG] cheese - null
[2020-11-17T10:54:25.041] [DEBUG] cheese - null
[2020-11-17T14:25:00.125] [DEBUG] cheese - login => username:dfdf,password:dfdfdf
[2020-11-17T14:25:00.125] [DEBUG] cheese - dfdf
[2020-11-17T14:25:00.129] [DEBUG] cheese - null
[2020-11-17T14:25:00.130] [DEBUG] cheese - null
[2020-11-17T14:25:23.004] [DEBUG] cheese - login => username:dfdf,password:dfdfdf
[2020-11-17T14:25:23.004] [DEBUG] cheese - dfdf
[2020-11-17T14:25:23.006] [DEBUG] cheese - null
[2020-11-17T14:25:23.006] [DEBUG] cheese - null
[2020-11-17T14:25:48.039] [DEBUG] cheese - login => username:dfdfd,password:dfdfdfdf
[2020-11-17T14:25:48.039] [DEBUG] cheese - dfdfd
[2020-11-17T14:25:48.043] [DEBUG] cheese - null
[2020-11-17T14:25:48.043] [DEBUG] cheese - null
[2020-11-17T14:26:01.311] [DEBUG] cheese - login => username:sdfsdf,password:dsfsdfsd
[2020-11-17T14:26:01.311] [DEBUG] cheese - sdfsdf
[2020-11-17T14:26:01.313] [DEBUG] cheese - null
[2020-11-17T14:26:01.313] [DEBUG] cheese - null
[2020-11-17T14:26:41.489] [DEBUG] cheese - login => username:sdfsdf,password:dsfsdfsd
[2020-11-17T14:26:41.489] [DEBUG] cheese - sdfsdf
[2020-11-17T14:26:41.492] [DEBUG] cheese - null
[2020-11-17T14:26:41.492] [DEBUG] cheese - null
[2020-11-17T14:28:06.180] [DEBUG] cheese - login => username:sads,password:dsdsdsd
[2020-11-17T14:28:06.180] [DEBUG] cheese - sads
[2020-11-17T14:28:06.182] [DEBUG] cheese - null
[2020-11-17T14:28:06.182] [DEBUG] cheese - null
[2020-11-17T14:30:09.199] [DEBUG] cheese - login => username:admin,password:123456
[2020-11-17T14:30:09.200] [DEBUG] cheese - admin
[2020-11-17T14:30:09.204] [DEBUG] cheese - null
[2020-11-17T14:30:09.204] [DEBUG] cheese - null
[2020-11-17T14:33:11.917] [DEBUG] cheese - login => username:admin,password:123456
[2020-11-17T14:33:11.917] [DEBUG] cheese - admin
[2020-11-17T14:33:11.920] [DEBUG] cheese - null
[2020-11-17T14:33:11.920] [DEBUG] cheese - null
[2020-11-17T14:38:40.120] [DEBUG] cheese - login => username:admin,password:123456
[2020-11-17T14:38:40.120] [DEBUG] cheese - admin
[2020-11-17T14:38:40.122] [DEBUG] cheese - null
[2020-11-17T14:38:40.122] [DEBUG] cheese - null
[2020-11-17T14:45:58.919] [DEBUG] cheese - login => username:admin,password:123456
[2020-11-17T14:45:58.919] [DEBUG] cheese - admin
[2020-11-17T14:45:58.921] [DEBUG] cheese - null
[2020-11-17T14:45:58.921] [DEBUG] cheese - null
[2020-11-17T16:14:51.876] [DEBUG] cheese - login => username:admin,password:123456
[2020-11-17T16:14:51.876] [DEBUG] cheese - admin
[2020-11-17T16:14:51.880] [DEBUG] cheese - null
[2020-11-17T16:14:51.880] [DEBUG] cheese - null
[2020-12-25T17:06:30.858] [DEBUG] cheese - login => username:admin,password:123456
[2020-12-25T17:06:30.860] [DEBUG] cheese - admin
[2020-12-25T17:06:30.927] [DEBUG] cheese - null
[2020-12-25T17:06:30.928] [DEBUG] cheese - null
[2020-12-25T17:55:42.166] [DEBUG] cheese - login => username:admin,password:123456
[2020-12-25T17:55:42.167] [DEBUG] cheese - admin
[2020-12-25T17:55:42.171] [DEBUG] cheese - null
[2020-12-25T17:55:42.171] [DEBUG] cheese - null
[2020-12-25T17:55:45.553] [DEBUG] cheese - login => username:admin,password:123456
[2020-12-25T17:55:45.553] [DEBUG] cheese - admin
[2020-12-25T17:55:45.555] [DEBUG] cheese - null
[2020-12-25T17:55:45.556] [DEBUG] cheese - null
[2020-12-25T18:02:26.998] [DEBUG] cheese - login => username:admin,password:123456
[2020-12-25T18:02:26.998] [DEBUG] cheese - admin
[2020-12-25T18:02:27.001] [DEBUG] cheese - null
[2020-12-25T18:02:27.001] [DEBUG] cheese - null
[2020-12-29T11:18:57.059] [DEBUG] cheese - login => username:admin,password:123456
[2020-12-29T11:18:57.060] [DEBUG] cheese - admin
[2020-12-29T11:18:57.105] [DEBUG] cheese - null
[2020-12-29T11:18:57.106] [DEBUG] cheese - null
[2020-12-30T09:17:08.431] [DEBUG] cheese - login => username:admin,password:123456
[2020-12-30T09:17:08.432] [DEBUG] cheese - admin
[2020-12-30T09:17:08.456] [DEBUG] cheese - null
[2020-12-30T09:17:08.457] [DEBUG] cheese - null
[2020-12-30T09:35:31.844] [DEBUG] cheese - login => username:admin,password:123456
[2020-12-30T09:35:31.844] [DEBUG] cheese - admin
[2020-12-30T09:35:31.848] [DEBUG] cheese - null
[2020-12-30T09:35:31.848] [DEBUG] cheese - null
[2020-12-30T09:35:37.943] [DEBUG] cheese - login => username:admin,password:123456
[2020-12-30T09:35:37.944] [DEBUG] cheese - admin
[2020-12-30T09:35:37.947] [DEBUG] cheese - null
[2020-12-30T09:35:37.947] [DEBUG] cheese - null
[2020-12-30T10:09:52.585] [DEBUG] cheese - login => username:admin,password:123456
[2020-12-30T10:09:52.585] [DEBUG] cheese - admin
[2020-12-30T10:09:52.588] [DEBUG] cheese - null
[2020-12-30T10:09:52.588] [DEBUG] cheese - null
[2020-12-30T11:08:53.750] [DEBUG] cheese - login => username:admin,password:123456
[2020-12-30T11:08:53.752] [DEBUG] cheese - admin
[2020-12-30T11:08:53.761] [DEBUG] cheese - null
[2020-12-30T11:08:53.761] [DEBUG] cheese - null
[2020-12-30T11:51:11.836] [DEBUG] cheese - login => username:admin,password:123456
[2020-12-30T11:51:11.836] [DEBUG] cheese - admin
[2020-12-30T11:51:11.839] [DEBUG] cheese - null
[2020-12-30T11:51:11.839] [DEBUG] cheese - null
